000 (6805896.003.000) 03/30 20:06:14 Job submitted from host: <188.185.114.121:9618?addrs=188.185.114.121-9618+[2001-1458-d00-a--100-273]-9618&alias=bigbird19.cern.ch&noUDP&sock=schedd_1960_f9b7>
...
040 (6805896.003.000) 03/30 20:29:37 Started transferring input files
	Transferring to host: <128.142.130.152:9618?addrs=128.142.130.152-9618+[2001-1458-301-58--100-8c]-9618&alias=b7g20p9638.cern.ch&noUDP&sock=slot1_19_4392_4fac_7747>
...
040 (6805896.003.000) 03/30 20:29:37 Finished transferring input files
...
001 (6805896.003.000) 03/30 20:29:38 Job executing on host: <128.142.130.152:9618?addrs=128.142.130.152-9618+[2001-1458-301-58--100-8c]-9618&alias=b7g20p9638.cern.ch&noUDP&sock=startd_3162_728d>
...
006 (6805896.003.000) 03/30 20:29:39 Image size of job updated: 1
	0  -  MemoryUsage of job (MB)
	0  -  ResidentSetSize of job (KB)
...
040 (6805896.003.000) 03/30 20:29:39 Started transferring output files
...
040 (6805896.003.000) 03/30 20:29:39 Finished transferring output files
...
005 (6805896.003.000) 03/30 20:29:39 Job terminated.
	(1) Normal termination (return value 2)
		Usr 0 00:00:00, Sys 0 00:00:00  -  Run Remote Usage
		Usr 0 00:00:00, Sys 0 00:00:00  -  Run Local Usage
		Usr 0 00:00:00, Sys 0 00:00:00  -  Total Remote Usage
		Usr 0 00:00:00, Sys 0 00:00:00  -  Total Local Usage
	724  -  Run Bytes Sent By Job
	264  -  Run Bytes Received By Job
	724  -  Total Bytes Sent By Job
	264  -  Total Bytes Received By Job
	Partitionable Resources :    Usage  Request Allocated 
	   Cpus                 :                 1         1 
	   Disk (KB)            :       20 10485760  12867625 
	   Memory (MB)          :        0     2000      2000 

	Job terminated of its own accord at 2023-03-30T18:29:39Z.
...
