000 (6805896.009.000) 03/30 20:06:14 Job submitted from host: <188.185.114.121:9618?addrs=188.185.114.121-9618+[2001-1458-d00-a--100-273]-9618&alias=bigbird19.cern.ch&noUDP&sock=schedd_1960_f9b7>
...
040 (6805896.009.000) 03/30 20:29:39 Started transferring input files
	Transferring to host: <128.142.137.63:9618?addrs=128.142.137.63-9618+[2001-1458-301-5e--100-33]-9618&alias=b7g19p9387.cern.ch&noUDP&sock=slot1_31_3811_f1b4_11067>
...
040 (6805896.009.000) 03/30 20:29:39 Finished transferring input files
...
001 (6805896.009.000) 03/30 20:29:40 Job executing on host: <128.142.137.63:9618?addrs=128.142.137.63-9618+[2001-1458-301-5e--100-33]-9618&alias=b7g19p9387.cern.ch&noUDP&sock=startd_3144_19d9>
...
006 (6805896.009.000) 03/30 20:29:40 Image size of job updated: 1
	0  -  MemoryUsage of job (MB)
	0  -  ResidentSetSize of job (KB)
...
040 (6805896.009.000) 03/30 20:29:41 Started transferring output files
...
040 (6805896.009.000) 03/30 20:29:41 Finished transferring output files
...
005 (6805896.009.000) 03/30 20:29:41 Job terminated.
	(1) Normal termination (return value 2)
		Usr 0 00:00:00, Sys 0 00:00:00  -  Run Remote Usage
		Usr 0 00:00:00, Sys 0 00:00:00  -  Run Local Usage
		Usr 0 00:00:00, Sys 0 00:00:00  -  Total Remote Usage
		Usr 0 00:00:00, Sys 0 00:00:00  -  Total Local Usage
	720  -  Run Bytes Sent By Job
	264  -  Run Bytes Received By Job
	720  -  Total Bytes Sent By Job
	264  -  Total Bytes Received By Job
	Partitionable Resources :    Usage  Request Allocated 
	   Cpus                 :                 1         1 
	   Disk (KB)            :       20 10485760  11413474 
	   Memory (MB)          :        0     2000      2000 

	Job terminated of its own accord at 2023-03-30T18:29:40Z.
...
