000 (6805898.001.000) 03/30 20:42:22 Job submitted from host: <188.185.114.121:9618?addrs=188.185.114.121-9618+[2001-1458-d00-a--100-273]-9618&alias=bigbird19.cern.ch&noUDP&sock=schedd_1960_f9b7>
...
040 (6805898.001.000) 03/30 21:27:18 Started transferring input files
	Transferring to host: <128.142.248.233:9618?addrs=128.142.248.233-9618+[2001-1458-301-73--100-e8]-9618&alias=b7g23p1714.cern.ch&noUDP&sock=slot1_51_141609_19d8_6402>
...
040 (6805898.001.000) 03/30 21:27:18 Finished transferring input files
...
001 (6805898.001.000) 03/30 21:27:19 Job executing on host: <128.142.248.233:9618?addrs=128.142.248.233-9618+[2001-1458-301-73--100-e8]-9618&alias=b7g23p1714.cern.ch&noUDP&sock=startd_141569_2324>
...
006 (6805898.001.000) 03/30 21:27:20 Image size of job updated: 1
	0  -  MemoryUsage of job (MB)
	0  -  ResidentSetSize of job (KB)
...
040 (6805898.001.000) 03/30 21:27:20 Started transferring output files
...
040 (6805898.001.000) 03/30 21:27:20 Finished transferring output files
...
005 (6805898.001.000) 03/30 21:27:20 Job terminated.
	(1) Normal termination (return value 2)
		Usr 0 00:00:00, Sys 0 00:00:00  -  Run Remote Usage
		Usr 0 00:00:00, Sys 0 00:00:00  -  Run Local Usage
		Usr 0 00:00:00, Sys 0 00:00:00  -  Total Remote Usage
		Usr 0 00:00:00, Sys 0 00:00:00  -  Total Local Usage
	724  -  Run Bytes Sent By Job
	273  -  Run Bytes Received By Job
	724  -  Total Bytes Sent By Job
	273  -  Total Bytes Received By Job
	Partitionable Resources :    Usage  Request Allocated 
	   Cpus                 :                 1         1 
	   Disk (KB)            :       20 10485760  14909992 
	   Memory (MB)          :        0     2000      2000 

	Job terminated of its own accord at 2023-03-30T19:27:20Z.
...
