000 (6805898.002.000) 03/30 20:42:22 Job submitted from host: <188.185.114.121:9618?addrs=188.185.114.121-9618+[2001-1458-d00-a--100-273]-9618&alias=bigbird19.cern.ch&noUDP&sock=schedd_1960_f9b7>
...
040 (6805898.002.000) 03/30 21:27:17 Started transferring input files
	Transferring to host: <188.184.162.135:9618?addrs=188.184.162.135-9618&alias=b7s11p9669.cern.ch&noUDP&sock=slot1_60_162512_27ca_19460>
...
040 (6805898.002.000) 03/30 21:27:17 Finished transferring input files
...
001 (6805898.002.000) 03/30 21:27:18 Job executing on host: <188.184.162.135:9618?addrs=188.184.162.135-9618&alias=b7s11p9669.cern.ch&noUDP&sock=startd_5246_e5ec>
...
006 (6805898.002.000) 03/30 21:27:19 Image size of job updated: 127644
	0  -  MemoryUsage of job (MB)
	0  -  ResidentSetSize of job (KB)
...
040 (6805898.002.000) 03/30 21:27:19 Started transferring output files
...
040 (6805898.002.000) 03/30 21:27:19 Finished transferring output files
...
005 (6805898.002.000) 03/30 21:27:19 Job terminated.
	(1) Normal termination (return value 2)
		Usr 0 00:00:00, Sys 0 00:00:00  -  Run Remote Usage
		Usr 0 00:00:00, Sys 0 00:00:00  -  Run Local Usage
		Usr 0 00:00:00, Sys 0 00:00:00  -  Total Remote Usage
		Usr 0 00:00:00, Sys 0 00:00:00  -  Total Local Usage
	724  -  Run Bytes Sent By Job
	273  -  Run Bytes Received By Job
	724  -  Total Bytes Sent By Job
	273  -  Total Bytes Received By Job
	Partitionable Resources :    Usage  Request Allocated 
	   Cpus                 :                 1         1 
	   Disk (KB)            :       20 10485760  12327079 
	   Memory (MB)          :        0     2000      2000 

	Job terminated of its own accord at 2023-03-30T19:27:19Z.
...
